2025-12-12 14:07:16,665 [TRACE] bbot.scanner logger.py:151 Ran BBOT v2.7.2 at 2025-12-12 14:07:16.649880, command: /home/maxosss/.local/bin/bbot -t google.com -f subdomain-enum -y --output-modules json -o -
2025-12-12 14:07:16,665 [TRACE] bbot.scanner logger.py:151 Target: {'seeds': ['google.com'], 'whitelist': ['google.com'], 'blacklist': [], 'strict_scope': False, 'hash': 'd98d79461c45de8e25001761b100488a9cecfe6d', 'seed_hash': 'baea954b95731c68ae6e45bd1e252eb4560cdc45', 'whitelist_hash': 'baea954b95731c68ae6e45bd1e252eb4560cdc45', 'blacklist_hash': 'da39a3ee5e6b4b0d3255bfef95601890afd80709', 'scope_hash': '83ffcf2b6d6e0cde882d5b34c26413d6397f3b87'}
2025-12-12 14:07:16,665 [TRACE] bbot.scanner logger.py:151 Preset: {'description': 'unmelted_edward', 'flags': ['subdomain-enum'], 'output_modules': ['json']}
2025-12-12 14:07:17,675 [TRACE] bbot.modules.asn logger.py:151 Traceback (most recent call last):
  File "/home/maxosss/.local/share/pipx/venvs/bbot/lib/python3.14/site-packages/bbot/modules/report/asn.py", line 245, in get_url
    j = r.json()
        ^^^^^^
AttributeError: 'NoneType' object has no attribute 'json'

2025-12-12 14:07:18,048 [TRACE] bbot.modules.leakix logger.py:151 API response to https://leakix.net/api/subdomains/google.com failed with status code 401: "Incorrect API Key"
2025-12-12 14:07:18,194 [TRACE] bbot.modules.leakix logger.py:151 API response to https://leakix.net/api/subdomains/google.com failed with status code 401: "Incorrect API Key"
2025-12-12 14:07:18,194 [TRACE] bbot.modules.otx logger.py:151 API response to https://otx.alienvault.com/api/v1/indicators/domain/google.com/passive_dns failed with status code 429: {"detail": "Anonymous access to this endpoint is limited. Please authenticate."}
2025-12-12 14:07:18,306 [TRACE] bbot.modules.anubisdb logger.py:151 API response to https://jldc.me/anubis/subdomains/google.com failed with status code 301: 
2025-12-12 14:07:18,324 [TRACE] bbot.modules.leakix logger.py:151 API response to https://leakix.net/api/subdomains/google.com failed with status code 401: "Incorrect API Key"
2025-12-12 14:07:18,325 [TRACE] bbot.modules.leakix logger.py:151 Traceback (most recent call last):
  File "/home/maxosss/.local/share/pipx/venvs/bbot/lib64/python3.14/site-packages/bbot/modules/templates/subdomain_enum.py", line 126, in query
    results = list(await parse_fn(response, query))
                   ^^^^^^^^^^^^^^^^^^^^^^^^^^^^^^^
  File "/home/maxosss/.local/share/pipx/venvs/bbot/lib/python3.14/site-packages/bbot/modules/leakix.py", line 43, in parse_results
    subdomain = entry.get("subdomain", "")
                ^^^^^^^^^
AttributeError: 'str' object has no attribute 'get'

2025-12-12 14:07:18,325 [TRACE] bbot.modules.leakix logger.py:151 '"Incorrect API Key"'
2025-12-12 14:07:18,400 [TRACE] bbot.modules.anubisdb logger.py:151 API response to https://jldc.me/anubis/subdomains/google.com failed with status code 301: 
2025-12-12 14:07:18,488 [TRACE] bbot.modules.anubisdb logger.py:151 API response to https://jldc.me/anubis/subdomains/google.com failed with status code 301: 
2025-12-12 14:07:18,491 [TRACE] bbot.modules.anubisdb logger.py:151 Traceback (most recent call last):
  File "/home/maxosss/.local/share/pipx/venvs/bbot/lib64/python3.14/site-packages/bbot/modules/templates/subdomain_enum.py", line 126, in query
    results = list(await parse_fn(response, query))
                   ^^^^^^^^^^^^^^^^^^^^^^^^^^^^^^^
  File "/home/maxosss/.local/share/pipx/venvs/bbot/lib/python3.14/site-packages/bbot/modules/anubisdb.py", line 43, in parse_results
    json = r.json()
  File "/home/maxosss/.local/share/pipx/venvs/bbot/lib64/python3.14/site-packages/httpx/_models.py", line 832, in json
    return jsonlib.loads(self.content, **kwargs)
           ~~~~~~~~~~~~~^^^^^^^^^^^^^^^^^^^^^^^^
  File "/usr/lib64/python3.14/json/__init__.py", line 346, in loads
    return _default_decoder.decode(s)
           ~~~~~~~~~~~~~~~~~~~~~~~^^^
  File "/usr/lib64/python3.14/json/decoder.py", line 345, in decode
    obj, end = self.raw_decode(s, idx=_w(s, 0).end())
               ~~~~~~~~~~~~~~~^^^^^^^^^^^^^^^^^^^^^^^
  File "/usr/lib64/python3.14/json/decoder.py", line 363, in raw_decode
    raise JSONDecodeError("Expecting value", s, err.value) from None
json.decoder.JSONDecodeError: Expecting value: line 1 column 1 (char 0)

2025-12-12 14:07:18,491 [TRACE] bbot.modules.anubisdb logger.py:151 ''
2025-12-12 14:07:37,597 [TRACE] bbot.modules.myssl logger.py:151 API response to https://myssl.com/api/v1/discover_sub_domain?domain=google.com failed with status code 0: 
2025-12-12 14:07:48,799 [TRACE] bbot.modules.otx logger.py:151 API response to https://otx.alienvault.com/api/v1/indicators/domain/google.com/passive_dns failed with status code 429: {"detail": "Anonymous access to this endpoint is limited. Please authenticate."}
2025-12-12 14:07:57,612 [TRACE] bbot.modules.myssl logger.py:151 API response to https://myssl.com/api/v1/discover_sub_domain?domain=google.com failed with status code 0: 
2025-12-12 14:08:17,617 [TRACE] bbot.modules.myssl logger.py:151 API response to https://myssl.com/api/v1/discover_sub_domain?domain=google.com failed with status code 0: 
2025-12-12 14:08:24,346 [TRACE] bbot.modules.otx logger.py:151 API response to https://otx.alienvault.com/api/v1/indicators/domain/google.com/passive_dns failed with status code 429: {"detail": "Anonymous access to this endpoint is limited. Please authenticate."}
2025-12-12 14:13:40,138 [TRACE] bbot.core.event logger.py:151 Traceback (most recent call last):
  File "/home/maxosss/.local/share/pipx/venvs/bbot/lib64/python3.14/site-packages/bbot/core/helpers/validators.py", line 34, in validate_wrapper
    return func(*args)
  File "/home/maxosss/.local/share/pipx/venvs/bbot/lib64/python3.14/site-packages/bbot/core/helpers/validators.py", line 129, in validate_host
    raise ValidationError(f'Invalid hostname: "{host}"')
bbot.errors.ValidationError: Invalid hostname: "traefik default cert"

During handling of the above exception, another exception occurred:

Traceback (most recent call last):
  File "/home/maxosss/.local/share/pipx/venvs/bbot/lib64/python3.14/site-packages/bbot/core/event/base.py", line 1853, in make_event
    data = validators.validate_host(data)
  File "/home/maxosss/.local/share/pipx/venvs/bbot/lib64/python3.14/site-packages/bbot/core/helpers/validators.py", line 36, in validate_wrapper
    raise ValueError(f"Validation failed for {args}, {kwargs}: {e}")
ValueError: Validation failed for ('traefik default cert',), {}: Invalid hostname: "traefik default cert"

